{"uid":"b434271c3db0ce5b","name":"setUp","fullName":"web.BaseWebTest.setUp","historyId":"6635bb26850d198e9f497aaba94d1582","time":{"start":1768067867946,"stop":1768067867949,"duration":3},"status":"broken","statusMessage":"java.lang.ExceptionInInitializerError","statusTrace":"java.lang.ExceptionInInitializerError\n\tat web.BaseWebTest.setUp(BaseWebTest.java:31)\n\tat java.base/jdk.internal.reflect.NativeMethodAccessorImpl.invoke0(Native Method)\n\tat java.base/jdk.internal.reflect.NativeMethodAccessorImpl.invoke(NativeMethodAccessorImpl.java:77)\n\tat java.base/jdk.internal.reflect.DelegatingMethodAccessorImpl.invoke(DelegatingMethodAccessorImpl.java:43)\n\tat java.base/java.lang.reflect.Method.invoke(Method.java:569)\n\tat org.testng.internal.invokers.MethodInvocationHelper.invokeMethod(MethodInvocationHelper.java:141)\n\tat org.testng.internal.invokers.MethodInvocationHelper.invokeMethodConsideringTimeout(MethodInvocationHelper.java:71)\n\tat org.testng.internal.invokers.ConfigInvoker.invokeConfigurationMethod(ConfigInvoker.java:400)\n\tat org.testng.internal.invokers.ConfigInvoker.invokeConfigurations(ConfigInvoker.java:333)\n\tat org.testng.internal.invokers.TestMethodWorker.invokeBeforeClassMethods(TestMethodWorker.java:188)\n\tat org.testng.internal.invokers.TestMethodWorker.run(TestMethodWorker.java:128)\n\tat java.base/java.util.concurrent.Executors$RunnableAdapter.call(Executors.java:539)\n\tat java.base/java.util.concurrent.FutureTask.run(FutureTask.java:264)\n\tat org.testng.internal.thread.graph.TestNGFutureTask.run(TestNGFutureTask.java:22)\n\tat java.base/java.util.concurrent.ThreadPoolExecutor.runWorker(ThreadPoolExecutor.java:1136)\n\tat java.base/java.util.concurrent.ThreadPoolExecutor$Worker.run(ThreadPoolExecutor.java:635)\n\tat java.base/java.lang.Thread.run(Thread.java:840)\nCaused by: java.lang.IllegalArgumentException: URI is not absolute\n\tat java.base/java.net.URL.fromURI(URL.java:721)\n\tat java.base/java.net.URI.toURL(URI.java:1139)\n\tat org.aeonbits.owner.loaders.XMLLoader.accept(XMLLoader.java:131)\n\tat org.aeonbits.owner.LoadersManager.findLoader(LoadersManager.java:55)\n\tat org.aeonbits.owner.LoadersManager.load(LoadersManager.java:47)\n\tat org.aeonbits.owner.Config$LoadType$1.load(Config.java:134)\n\tat org.aeonbits.owner.PropertiesManager.doLoad(PropertiesManager.java:339)\n\tat org.aeonbits.owner.PropertiesManager.load(PropertiesManager.java:212)\n\tat org.aeonbits.owner.PropertiesManager.load(PropertiesManager.java:202)\n\tat org.aeonbits.owner.PropertiesInvocationHandler.<init>(PropertiesInvocationHandler.java:54)\n\tat org.aeonbits.owner.DefaultFactory.create(DefaultFactory.java:46)\n\tat org.aeonbits.owner.ConfigFactory.create(ConfigFactory.java:73)\n\tat utils.ProjectConfig.<clinit>(ProjectConfig.java:10)\n\t... 17 more\n","flaky":false,"newFailed":false,"newBroken":false,"newPassed":false,"retriesCount":2,"retriesStatusChange":false,"beforeStages":[{"name":"setUpRetry","time":{"start":1768067867721,"stop":1768067867727,"duration":6},"description":"","status":"passed","steps":[],"attachments":[],"parameters":[],"stepsCount":0,"shouldDisplayMessage":false,"attachmentsCount":0,"hasContent":false,"attachmentStep":false},{"name":"setUp","time":{"start":1768067867767,"stop":1768067867891,"duration":124},"description":"","status":"broken","statusMessage":"java.lang.ExceptionInInitializerError","statusTrace":"java.lang.ExceptionInInitializerError\n\tat web.BaseWebTest.setUp(BaseWebTest.java:31)\n\tat java.base/jdk.internal.reflect.NativeMethodAccessorImpl.invoke0(Native Method)\n\tat java.base/jdk.internal.reflect.NativeMethodAccessorImpl.invoke(NativeMethodAccessorImpl.java:77)\n\tat java.base/jdk.internal.reflect.DelegatingMethodAccessorImpl.invoke(DelegatingMethodAccessorImpl.java:43)\n\tat java.base/java.lang.reflect.Method.invoke(Method.java:569)\n\tat org.testng.internal.invokers.MethodInvocationHelper.invokeMethod(MethodInvocationHelper.java:141)\n\tat org.testng.internal.invokers.MethodInvocationHelper.invokeMethodConsideringTimeout(MethodInvocationHelper.java:71)\n\tat org.testng.internal.invokers.ConfigInvoker.invokeConfigurationMethod(ConfigInvoker.java:400)\n\tat org.testng.internal.invokers.ConfigInvoker.invokeConfigurations(ConfigInvoker.java:333)\n\tat org.testng.internal.invokers.TestMethodWorker.invokeBeforeClassMethods(TestMethodWorker.java:188)\n\tat org.testng.internal.invokers.TestMethodWorker.run(TestMethodWorker.java:128)\n\tat java.base/java.util.concurrent.Executors$RunnableAdapter.call(Executors.java:539)\n\tat java.base/java.util.concurrent.FutureTask.run(FutureTask.java:264)\n\tat org.testng.internal.thread.graph.TestNGFutureTask.run(TestNGFutureTask.java:22)\n\tat java.base/java.util.concurrent.ThreadPoolExecutor.runWorker(ThreadPoolExecutor.java:1136)\n\tat java.base/java.util.concurrent.ThreadPoolExecutor$Worker.run(ThreadPoolExecutor.java:635)\n\tat java.base/java.lang.Thread.run(Thread.java:840)\nCaused by: java.lang.IllegalArgumentException: URI is not absolute\n\tat java.base/java.net.URL.fromURI(URL.java:721)\n\tat java.base/java.net.URI.toURL(URI.java:1139)\n\tat org.aeonbits.owner.loaders.XMLLoader.accept(XMLLoader.java:131)\n\tat org.aeonbits.owner.LoadersManager.findLoader(LoadersManager.java:55)\n\tat org.aeonbits.owner.LoadersManager.load(LoadersManager.java:47)\n\tat org.aeonbits.owner.Config$LoadType$1.load(Config.java:134)\n\tat org.aeonbits.owner.PropertiesManager.doLoad(PropertiesManager.java:339)\n\tat org.aeonbits.owner.PropertiesManager.load(PropertiesManager.java:212)\n\tat org.aeonbits.owner.PropertiesManager.load(PropertiesManager.java:202)\n\tat org.aeonbits.owner.PropertiesInvocationHandler.<init>(PropertiesInvocationHandler.java:54)\n\tat org.aeonbits.owner.DefaultFactory.create(DefaultFactory.java:46)\n\tat org.aeonbits.owner.ConfigFactory.create(ConfigFactory.java:73)\n\tat utils.ProjectConfig.<clinit>(ProjectConfig.java:10)\n\t... 17 more\n","steps":[],"attachments":[],"parameters":[],"stepsCount":0,"shouldDisplayMessage":true,"attachmentsCount":0,"hasContent":true,"attachmentStep":false}],"afterStages":[],"labels":[{"name":"package","value":"web.LoginTest"},{"name":"testClass","value":"web.LoginTest"},{"name":"testMethod","value":"setUp"},{"name":"parentSuite","value":"Web Test Suite"},{"name":"suite","value":"Web Tests"},{"name":"subSuite","value":"web.LoginTest"},{"name":"host","value":"runnervmi13qx"},{"name":"thread","value":"2229@runnervmi13qx.TestNG-test-Web Tests-1(20)"},{"name":"framework","value":"testng"},{"name":"language","value":"java"},{"name":"AS_ID","value":"-1"},{"name":"resultFormat","value":"allure2"}],"parameters":[],"links":[],"hidden":false,"retry":false,"extra":{"severity":"normal","retries":[{"uid":"4bd5a85fc79e431d","status":"broken","statusDetails":"Could not initialize class utils.ProjectConfig","time":{"start":1768067858596,"stop":1768067858598,"duration":2}},{"uid":"248fba3c17f875b8","status":"broken","statusDetails":"Could not initialize class utils.ProjectConfig","time":{"start":1768067855816,"stop":1768067855817,"duration":1}}],"categories":[{"name":"Test defects","matchedStatuses":[],"flaky":false}],"history":{"statistic":{"failed":0,"broken":3,"skipped":0,"passed":0,"unknown":0,"total":3},"items":[{"uid":"d4021627ab2508c5","reportUrl":"https://Polishevskyi.github.io/java_framework/26/#testresult/d4021627ab2508c5","status":"broken","statusDetails":"java.lang.ExceptionInInitializerError","time":{"start":1768067702639,"stop":1768067702641,"duration":2}},{"uid":"8819d5081976eb48","reportUrl":"https://Polishevskyi.github.io/java_framework/25/#testresult/8819d5081976eb48","status":"broken","statusDetails":"Could not initialize class utils.ProjectConfig","time":{"start":1768067531645,"stop":1768067531646,"duration":1}}]},"tags":[]},"source":"b434271c3db0ce5b.json","parameterValues":[]}