{"uid":"18e8dcd051efa39c","name":"Verify that user can add and remove product from cart","fullName":"mobile.CartTest.addAndRemoveProductFromCartTest","historyId":"bd9b0a8a9fc08fc20b0161f94a5ff191","time":{"start":1767970555331,"stop":1767970560150,"duration":4819},"status":"skipped","statusMessage":"An element could not be located on the page using the given search parameters.\nFor documentation on this error, please visit: https://www.selenium.dev/documentation/webdriver/troubleshooting/errors#no-such-element-exception\nBuild info: version: '4.27.0', revision: 'd6e718d134'\nSystem info: os.name: 'Linux', os.arch: 'amd64', os.version: '6.11.0-1018-azure', java.version: '17.0.17'\nDriver info: io.appium.java_client.android.AndroidDriver\nCommand: [5dc09ef36a7024f1907c1b2d3c4ee138dc5870a9, findElement {using=accessibility id, value=product label}]\nCapabilities {appium:appActivity: .MainActivity, appium:appPackage: com.saucelabs.mydemoapp.rn, appium:autoGrantPermissions: true, appium:automationName: uiautomator2, appium:bundleID: com.saucelabs.mydemoapp.rn, appium:bundleId: com.saucelabs.mydemoapp.rn, appium:chromedriverArgs: [--adb-port=5038], appium:chromedriverExecutable: /usr/local/.browserstack/de..., appium:chromedriverPort: 18081, appium:chromedriverPorts: [[18111, 18121]], appium:databaseEnabled: false, appium:desired: {appActivity: .MainActivity, appPackage: com.saucelabs.mydemoapp.rn, autoGrantPermissions: true, automationName: uiautomator2, bundleID: com.saucelabs.mydemoapp.rn, bundleId: com.saucelabs.mydemoapp.rn, chromedriverArgs: [--adb-port=5038], chromedriverExecutable: /usr/local/.browserstack/de..., chromedriverPort: 18081, chromedriverPorts: [[18111, 18121]], deviceName: google pixel 6 pro, disableSuppressAccessibilityService: true, goog:chromeOptions: {}, nativeWebScreenshot: true, newCommandTimeout: 0, noReset: false, platformName: Android, platformVersion: 13.0, skipServerInstallation: true, suppressKillServer: true, systemPort: 8201, udid: 1B271FDEE007YX}, appium:deviceApiLevel: 33, appium:deviceManufacturer: Google, appium:deviceModel: Pixel 6 Pro, appium:deviceName: 1B271FDEE007YX, appium:deviceScreenDensity: 560, appium:deviceScreenSize: 1440x3120, appium:deviceUDID: 1B271FDEE007YX, appium:disableSuppressAccessibilityService: true, appium:javascriptEnabled: true, appium:locationContextEnabled: false, appium:nativeWebScreenshot: true, appium:networkConnectionEnabled: true, appium:newCommandTimeout: 0, appium:noReset: false, appium:pixelRatio: 3.5, appium:platformVersion: 13, appium:skipServerInstallation: true, appium:statBarHeight: 130, appium:suppressKillServer: true, appium:systemPort: 8201, appium:takesScreenshot: true, appium:udid: 1B271FDEE007YX, appium:viewportRect: {height: 2990, left: 0, top: 130, width: 1440}, appium:warnings: {}, appium:webStorageEnabled: false, goog:chromeOptions: {}, platformName: ANDROID}\nSession ID: 5dc09ef36a7024f1907c1b2d3c4ee138dc5870a9","statusTrace":"org.openqa.selenium.NoSuchElementException: An element could not be located on the page using the given search parameters.\nFor documentation on this error, please visit: https://www.selenium.dev/documentation/webdriver/troubleshooting/errors#no-such-element-exception\nBuild info: version: '4.27.0', revision: 'd6e718d134'\nSystem info: os.name: 'Linux', os.arch: 'amd64', os.version: '6.11.0-1018-azure', java.version: '17.0.17'\nDriver info: io.appium.java_client.android.AndroidDriver\nCommand: [5dc09ef36a7024f1907c1b2d3c4ee138dc5870a9, findElement {using=accessibility id, value=product label}]\nCapabilities {appium:appActivity: .MainActivity, appium:appPackage: com.saucelabs.mydemoapp.rn, appium:autoGrantPermissions: true, appium:automationName: uiautomator2, appium:bundleID: com.saucelabs.mydemoapp.rn, appium:bundleId: com.saucelabs.mydemoapp.rn, appium:chromedriverArgs: [--adb-port=5038], appium:chromedriverExecutable: /usr/local/.browserstack/de..., appium:chromedriverPort: 18081, appium:chromedriverPorts: [[18111, 18121]], appium:databaseEnabled: false, appium:desired: {appActivity: .MainActivity, appPackage: com.saucelabs.mydemoapp.rn, autoGrantPermissions: true, automationName: uiautomator2, bundleID: com.saucelabs.mydemoapp.rn, bundleId: com.saucelabs.mydemoapp.rn, chromedriverArgs: [--adb-port=5038], chromedriverExecutable: /usr/local/.browserstack/de..., chromedriverPort: 18081, chromedriverPorts: [[18111, 18121]], deviceName: google pixel 6 pro, disableSuppressAccessibilityService: true, goog:chromeOptions: {}, nativeWebScreenshot: true, newCommandTimeout: 0, noReset: false, platformName: Android, platformVersion: 13.0, skipServerInstallation: true, suppressKillServer: true, systemPort: 8201, udid: 1B271FDEE007YX}, appium:deviceApiLevel: 33, appium:deviceManufacturer: Google, appium:deviceModel: Pixel 6 Pro, appium:deviceName: 1B271FDEE007YX, appium:deviceScreenDensity: 560, appium:deviceScreenSize: 1440x3120, appium:deviceUDID: 1B271FDEE007YX, appium:disableSuppressAccessibilityService: true, appium:javascriptEnabled: true, appium:locationContextEnabled: false, appium:nativeWebScreenshot: true, appium:networkConnectionEnabled: true, appium:newCommandTimeout: 0, appium:noReset: false, appium:pixelRatio: 3.5, appium:platformVersion: 13, appium:skipServerInstallation: true, appium:statBarHeight: 130, appium:suppressKillServer: true, appium:systemPort: 8201, appium:takesScreenshot: true, appium:udid: 1B271FDEE007YX, appium:viewportRect: {height: 2990, left: 0, top: 130, width: 1440}, appium:warnings: {}, appium:webStorageEnabled: false, goog:chromeOptions: {}, platformName: ANDROID}\nSession ID: 5dc09ef36a7024f1907c1b2d3c4ee138dc5870a9\n\tat java.base/jdk.internal.reflect.NativeConstructorAccessorImpl.newInstance0(Native Method)\n\tat java.base/jdk.internal.reflect.NativeConstructorAccessorImpl.newInstance(NativeConstructorAccessorImpl.java:77)\n\tat java.base/jdk.internal.reflect.DelegatingConstructorAccessorImpl.newInstance(DelegatingConstructorAccessorImpl.java:45)\n\tat java.base/java.lang.reflect.Constructor.newInstanceWithCaller(Constructor.java:500)\n\tat java.base/java.lang.reflect.Constructor.newInstance(Constructor.java:481)\n\tat org.openqa.selenium.remote.ErrorCodec.decode(ErrorCodec.java:167)\n\tat org.openqa.selenium.remote.codec.w3c.W3CHttpResponseCodec.decode(W3CHttpResponseCodec.java:138)\n\tat org.openqa.selenium.remote.codec.w3c.W3CHttpResponseCodec.decode(W3CHttpResponseCodec.java:50)\n\tat org.openqa.selenium.remote.HttpCommandExecutor.execute(HttpCommandExecutor.java:190)\n\tat io.appium.java_client.remote.AppiumCommandExecutor.execute(AppiumCommandExecutor.java:237)\n\tat org.openqa.selenium.remote.RemoteWebDriver.execute(RemoteWebDriver.java:545)\n\tat org.openqa.selenium.remote.ElementLocation$ElementFinder$2.findElement(ElementLocation.java:165)\n\tat org.openqa.selenium.remote.ElementLocation.findElement(ElementLocation.java:59)\n\tat org.openqa.selenium.remote.RemoteWebDriver.findElement(RemoteWebDriver.java:368)\n\tat org.openqa.selenium.remote.RemoteWebDriver.findElement(RemoteWebDriver.java:362)\n\tat mobile.screens.BaseScreen.findElement(BaseScreen.java:25)\n\tat mobile.screens.BaseScreen.lambda$getText$2(BaseScreen.java:46)\n\tat io.qameta.allure.Allure.lambda$step$1(Allure.java:127)\n\tat io.qameta.allure.Allure.step(Allure.java:181)\n\tat io.qameta.allure.Allure.step(Allure.java:125)\n\tat mobile.screens.BaseScreen.getText(BaseScreen.java:43)\n\tat mobile.screens.CartScreen.getProductNameInCart(CartScreen.java:28)\n\tat mobile.CartTest.addAndRemoveProductFromCartTest(CartTest.java:18)\n\tat java.base/jdk.internal.reflect.NativeMethodAccessorImpl.invoke0(Native Method)\n\tat java.base/jdk.internal.reflect.NativeMethodAccessorImpl.invoke(NativeMethodAccessorImpl.java:77)\n\tat java.base/jdk.internal.reflect.DelegatingMethodAccessorImpl.invoke(DelegatingMethodAccessorImpl.java:43)\n\tat java.base/java.lang.reflect.Method.invoke(Method.java:569)\n\tat org.testng.internal.invokers.MethodInvocationHelper.invokeMethod(MethodInvocationHelper.java:141)\n\tat org.testng.internal.invokers.TestInvoker.invokeMethod(TestInvoker.java:686)\n\tat org.testng.internal.invokers.TestInvoker.invokeTestMethod(TestInvoker.java:230)\n\tat org.testng.internal.invokers.MethodRunner.runInSequence(MethodRunner.java:63)\n\tat org.testng.internal.invokers.TestInvoker$MethodInvocationAgent.invoke(TestInvoker.java:992)\n\tat org.testng.internal.invokers.TestInvoker.invokeTestMethods(TestInvoker.java:203)\n\tat org.testng.internal.invokers.TestMethodWorker.invokeTestMethods(TestMethodWorker.java:154)\n\tat org.testng.internal.invokers.TestMethodWorker.run(TestMethodWorker.java:134)\n\tat java.base/java.util.concurrent.Executors$RunnableAdapter.call(Executors.java:539)\n\tat java.base/java.util.concurrent.FutureTask.run(FutureTask.java:264)\n\tat org.testng.internal.thread.graph.TestNGFutureTask.run(TestNGFutureTask.java:22)\n\tat java.base/java.util.concurrent.ThreadPoolExecutor.runWorker(ThreadPoolExecutor.java:1136)\n\tat java.base/java.util.concurrent.ThreadPoolExecutor$Worker.run(ThreadPoolExecutor.java:635)\n\tat java.base/java.lang.Thread.run(Thread.java:840)\n","flaky":false,"newFailed":false,"newBroken":false,"newPassed":false,"retriesCount":0,"retriesStatusChange":false,"beforeStages":[{"name":"setUpRetry","time":{"start":1767970537595,"stop":1767970537595,"duration":0},"description":"","status":"passed","steps":[],"attachments":[],"parameters":[],"stepsCount":0,"shouldDisplayMessage":false,"attachmentsCount":0,"hasContent":false,"attachmentStep":false},{"name":"launchApp","time":{"start":1767970537639,"stop":1767970555227,"duration":17588},"description":"","status":"passed","steps":[],"attachments":[],"parameters":[],"stepsCount":0,"shouldDisplayMessage":false,"attachmentsCount":0,"hasContent":false,"attachmentStep":false}],"testStage":{"status":"skipped","statusMessage":"An element could not be located on the page using the given search parameters.\nFor documentation on this error, please visit: https://www.selenium.dev/documentation/webdriver/troubleshooting/errors#no-such-element-exception\nBuild info: version: '4.27.0', revision: 'd6e718d134'\nSystem info: os.name: 'Linux', os.arch: 'amd64', os.version: '6.11.0-1018-azure', java.version: '17.0.17'\nDriver info: io.appium.java_client.android.AndroidDriver\nCommand: [5dc09ef36a7024f1907c1b2d3c4ee138dc5870a9, findElement {using=accessibility id, value=product label}]\nCapabilities {appium:appActivity: .MainActivity, appium:appPackage: com.saucelabs.mydemoapp.rn, appium:autoGrantPermissions: true, appium:automationName: uiautomator2, appium:bundleID: com.saucelabs.mydemoapp.rn, appium:bundleId: com.saucelabs.mydemoapp.rn, appium:chromedriverArgs: [--adb-port=5038], appium:chromedriverExecutable: /usr/local/.browserstack/de..., appium:chromedriverPort: 18081, appium:chromedriverPorts: [[18111, 18121]], appium:databaseEnabled: false, appium:desired: {appActivity: .MainActivity, appPackage: com.saucelabs.mydemoapp.rn, autoGrantPermissions: true, automationName: uiautomator2, bundleID: com.saucelabs.mydemoapp.rn, bundleId: com.saucelabs.mydemoapp.rn, chromedriverArgs: [--adb-port=5038], chromedriverExecutable: /usr/local/.browserstack/de..., chromedriverPort: 18081, chromedriverPorts: [[18111, 18121]], deviceName: google pixel 6 pro, disableSuppressAccessibilityService: true, goog:chromeOptions: {}, nativeWebScreenshot: true, newCommandTimeout: 0, noReset: false, platformName: Android, platformVersion: 13.0, skipServerInstallation: true, suppressKillServer: true, systemPort: 8201, udid: 1B271FDEE007YX}, appium:deviceApiLevel: 33, appium:deviceManufacturer: Google, appium:deviceModel: Pixel 6 Pro, appium:deviceName: 1B271FDEE007YX, appium:deviceScreenDensity: 560, appium:deviceScreenSize: 1440x3120, appium:deviceUDID: 1B271FDEE007YX, appium:disableSuppressAccessibilityService: true, appium:javascriptEnabled: true, appium:locationContextEnabled: false, appium:nativeWebScreenshot: true, appium:networkConnectionEnabled: true, appium:newCommandTimeout: 0, appium:noReset: false, appium:pixelRatio: 3.5, appium:platformVersion: 13, appium:skipServerInstallation: true, appium:statBarHeight: 130, appium:suppressKillServer: true, appium:systemPort: 8201, appium:takesScreenshot: true, appium:udid: 1B271FDEE007YX, appium:viewportRect: {height: 2990, left: 0, top: 130, width: 1440}, appium:warnings: {}, appium:webStorageEnabled: false, goog:chromeOptions: {}, platformName: ANDROID}\nSession ID: 5dc09ef36a7024f1907c1b2d3c4ee138dc5870a9","statusTrace":"org.openqa.selenium.NoSuchElementException: An element could not be located on the page using the given search parameters.\nFor documentation on this error, please visit: https://www.selenium.dev/documentation/webdriver/troubleshooting/errors#no-such-element-exception\nBuild info: version: '4.27.0', revision: 'd6e718d134'\nSystem info: os.name: 'Linux', os.arch: 'amd64', os.version: '6.11.0-1018-azure', java.version: '17.0.17'\nDriver info: io.appium.java_client.android.AndroidDriver\nCommand: [5dc09ef36a7024f1907c1b2d3c4ee138dc5870a9, findElement {using=accessibility id, value=product label}]\nCapabilities {appium:appActivity: .MainActivity, appium:appPackage: com.saucelabs.mydemoapp.rn, appium:autoGrantPermissions: true, appium:automationName: uiautomator2, appium:bundleID: com.saucelabs.mydemoapp.rn, appium:bundleId: com.saucelabs.mydemoapp.rn, appium:chromedriverArgs: [--adb-port=5038], appium:chromedriverExecutable: /usr/local/.browserstack/de..., appium:chromedriverPort: 18081, appium:chromedriverPorts: [[18111, 18121]], appium:databaseEnabled: false, appium:desired: {appActivity: .MainActivity, appPackage: com.saucelabs.mydemoapp.rn, autoGrantPermissions: true, automationName: uiautomator2, bundleID: com.saucelabs.mydemoapp.rn, bundleId: com.saucelabs.mydemoapp.rn, chromedriverArgs: [--adb-port=5038], chromedriverExecutable: /usr/local/.browserstack/de..., chromedriverPort: 18081, chromedriverPorts: [[18111, 18121]], deviceName: google pixel 6 pro, disableSuppressAccessibilityService: true, goog:chromeOptions: {}, nativeWebScreenshot: true, newCommandTimeout: 0, noReset: false, platformName: Android, platformVersion: 13.0, skipServerInstallation: true, suppressKillServer: true, systemPort: 8201, udid: 1B271FDEE007YX}, appium:deviceApiLevel: 33, appium:deviceManufacturer: Google, appium:deviceModel: Pixel 6 Pro, appium:deviceName: 1B271FDEE007YX, appium:deviceScreenDensity: 560, appium:deviceScreenSize: 1440x3120, appium:deviceUDID: 1B271FDEE007YX, appium:disableSuppressAccessibilityService: true, appium:javascriptEnabled: true, appium:locationContextEnabled: false, appium:nativeWebScreenshot: true, appium:networkConnectionEnabled: true, appium:newCommandTimeout: 0, appium:noReset: false, appium:pixelRatio: 3.5, appium:platformVersion: 13, appium:skipServerInstallation: true, appium:statBarHeight: 130, appium:suppressKillServer: true, appium:systemPort: 8201, appium:takesScreenshot: true, appium:udid: 1B271FDEE007YX, appium:viewportRect: {height: 2990, left: 0, top: 130, width: 1440}, appium:warnings: {}, appium:webStorageEnabled: false, goog:chromeOptions: {}, platformName: ANDROID}\nSession ID: 5dc09ef36a7024f1907c1b2d3c4ee138dc5870a9\n\tat java.base/jdk.internal.reflect.NativeConstructorAccessorImpl.newInstance0(Native Method)\n\tat java.base/jdk.internal.reflect.NativeConstructorAccessorImpl.newInstance(NativeConstructorAccessorImpl.java:77)\n\tat java.base/jdk.internal.reflect.DelegatingConstructorAccessorImpl.newInstance(DelegatingConstructorAccessorImpl.java:45)\n\tat java.base/java.lang.reflect.Constructor.newInstanceWithCaller(Constructor.java:500)\n\tat java.base/java.lang.reflect.Constructor.newInstance(Constructor.java:481)\n\tat org.openqa.selenium.remote.ErrorCodec.decode(ErrorCodec.java:167)\n\tat org.openqa.selenium.remote.codec.w3c.W3CHttpResponseCodec.decode(W3CHttpResponseCodec.java:138)\n\tat org.openqa.selenium.remote.codec.w3c.W3CHttpResponseCodec.decode(W3CHttpResponseCodec.java:50)\n\tat org.openqa.selenium.remote.HttpCommandExecutor.execute(HttpCommandExecutor.java:190)\n\tat io.appium.java_client.remote.AppiumCommandExecutor.execute(AppiumCommandExecutor.java:237)\n\tat org.openqa.selenium.remote.RemoteWebDriver.execute(RemoteWebDriver.java:545)\n\tat org.openqa.selenium.remote.ElementLocation$ElementFinder$2.findElement(ElementLocation.java:165)\n\tat org.openqa.selenium.remote.ElementLocation.findElement(ElementLocation.java:59)\n\tat org.openqa.selenium.remote.RemoteWebDriver.findElement(RemoteWebDriver.java:368)\n\tat org.openqa.selenium.remote.RemoteWebDriver.findElement(RemoteWebDriver.java:362)\n\tat mobile.screens.BaseScreen.findElement(BaseScreen.java:25)\n\tat mobile.screens.BaseScreen.lambda$getText$2(BaseScreen.java:46)\n\tat io.qameta.allure.Allure.lambda$step$1(Allure.java:127)\n\tat io.qameta.allure.Allure.step(Allure.java:181)\n\tat io.qameta.allure.Allure.step(Allure.java:125)\n\tat mobile.screens.BaseScreen.getText(BaseScreen.java:43)\n\tat mobile.screens.CartScreen.getProductNameInCart(CartScreen.java:28)\n\tat mobile.CartTest.addAndRemoveProductFromCartTest(CartTest.java:18)\n\tat java.base/jdk.internal.reflect.NativeMethodAccessorImpl.invoke0(Native Method)\n\tat java.base/jdk.internal.reflect.NativeMethodAccessorImpl.invoke(NativeMethodAccessorImpl.java:77)\n\tat java.base/jdk.internal.reflect.DelegatingMethodAccessorImpl.invoke(DelegatingMethodAccessorImpl.java:43)\n\tat java.base/java.lang.reflect.Method.invoke(Method.java:569)\n\tat org.testng.internal.invokers.MethodInvocationHelper.invokeMethod(MethodInvocationHelper.java:141)\n\tat org.testng.internal.invokers.TestInvoker.invokeMethod(TestInvoker.java:686)\n\tat org.testng.internal.invokers.TestInvoker.invokeTestMethod(TestInvoker.java:230)\n\tat org.testng.internal.invokers.MethodRunner.runInSequence(MethodRunner.java:63)\n\tat org.testng.internal.invokers.TestInvoker$MethodInvocationAgent.invoke(TestInvoker.java:992)\n\tat org.testng.internal.invokers.TestInvoker.invokeTestMethods(TestInvoker.java:203)\n\tat org.testng.internal.invokers.TestMethodWorker.invokeTestMethods(TestMethodWorker.java:154)\n\tat org.testng.internal.invokers.TestMethodWorker.run(TestMethodWorker.java:134)\n\tat java.base/java.util.concurrent.Executors$RunnableAdapter.call(Executors.java:539)\n\tat java.base/java.util.concurrent.FutureTask.run(FutureTask.java:264)\n\tat org.testng.internal.thread.graph.TestNGFutureTask.run(TestNGFutureTask.java:22)\n\tat java.base/java.util.concurrent.ThreadPoolExecutor.runWorker(ThreadPoolExecutor.java:1136)\n\tat java.base/java.util.concurrent.ThreadPoolExecutor$Worker.run(ThreadPoolExecutor.java:635)\n\tat java.base/java.lang.Thread.run(Thread.java:840)\n","steps":[{"name":"Get text from element: store item text","time":{"start":1767970555592,"stop":1767970557119,"duration":1527},"status":"passed","steps":[],"attachments":[],"parameters":[],"stepsCount":0,"shouldDisplayMessage":false,"attachmentsCount":0,"hasContent":false,"attachmentStep":false},{"name":"Tap on element: store item","time":{"start":1767970557119,"stop":1767970557525,"duration":406},"status":"passed","steps":[],"attachments":[],"parameters":[],"stepsCount":0,"shouldDisplayMessage":false,"attachmentsCount":0,"hasContent":false,"attachmentStep":false},{"name":"Tap on element: Add To Cart button","time":{"start":1767970557525,"stop":1767970558608,"duration":1083},"status":"passed","steps":[],"attachments":[],"parameters":[],"stepsCount":0,"shouldDisplayMessage":false,"attachmentsCount":0,"hasContent":false,"attachmentStep":false},{"name":"Tap on element: cart badge","time":{"start":1767970558609,"stop":1767970559355,"duration":746},"status":"passed","steps":[],"attachments":[],"parameters":[],"stepsCount":0,"shouldDisplayMessage":false,"attachmentsCount":0,"hasContent":false,"attachmentStep":false},{"name":"Get text from element: product label","time":{"start":1767970559355,"stop":1767970559472,"duration":117},"status":"broken","statusMessage":"An element could not be located on the page using the given search parameters.\nFor documentation on this error, please visit: https://www.selenium.dev/documentation/webdriver/troubleshooting/errors#no-such-element-exception\nBuild info: version: '4.27.0', revision: 'd6e718d134'\nSystem info: os.name: 'Linux', os.arch: 'amd64', os.version: '6.11.0-1018-azure', java.version: '17.0.17'\nDriver info: io.appium.java_client.android.AndroidDriver\nCommand: [5dc09ef36a7024f1907c1b2d3c4ee138dc5870a9, findElement {using=accessibility id, value=product label}]\nCapabilities {appium:appActivity: .MainActivity, appium:appPackage: com.saucelabs.mydemoapp.rn, appium:autoGrantPermissions: true, appium:automationName: uiautomator2, appium:bundleID: com.saucelabs.mydemoapp.rn, appium:bundleId: com.saucelabs.mydemoapp.rn, appium:chromedriverArgs: [--adb-port=5038], appium:chromedriverExecutable: /usr/local/.browserstack/de..., appium:chromedriverPort: 18081, appium:chromedriverPorts: [[18111, 18121]], appium:databaseEnabled: false, appium:desired: {appActivity: .MainActivity, appPackage: com.saucelabs.mydemoapp.rn, autoGrantPermissions: true, automationName: uiautomator2, bundleID: com.saucelabs.mydemoapp.rn, bundleId: com.saucelabs.mydemoapp.rn, chromedriverArgs: [--adb-port=5038], chromedriverExecutable: /usr/local/.browserstack/de..., chromedriverPort: 18081, chromedriverPorts: [[18111, 18121]], deviceName: google pixel 6 pro, disableSuppressAccessibilityService: true, goog:chromeOptions: {}, nativeWebScreenshot: true, newCommandTimeout: 0, noReset: false, platformName: Android, platformVersion: 13.0, skipServerInstallation: true, suppressKillServer: true, systemPort: 8201, udid: 1B271FDEE007YX}, appium:deviceApiLevel: 33, appium:deviceManufacturer: Google, appium:deviceModel: Pixel 6 Pro, appium:deviceName: 1B271FDEE007YX, appium:deviceScreenDensity: 560, appium:deviceScreenSize: 1440x3120, appium:deviceUDID: 1B271FDEE007YX, appium:disableSuppressAccessibilityService: true, appium:javascriptEnabled: true, appium:locationContextEnabled: false, appium:nativeWebScreenshot: true, appium:networkConnectionEnabled: true, appium:newCommandTimeout: 0, appium:noReset: false, appium:pixelRatio: 3.5, appium:platformVersion: 13, appium:skipServerInstallation: true, appium:statBarHeight: 130, appium:suppressKillServer: true, appium:systemPort: 8201, appium:takesScreenshot: true, appium:udid: 1B271FDEE007YX, appium:viewportRect: {height: 2990, left: 0, top: 130, width: 1440}, appium:warnings: {}, appium:webStorageEnabled: false, goog:chromeOptions: {}, platformName: ANDROID}\nSession ID: 5dc09ef36a7024f1907c1b2d3c4ee138dc5870a9","statusTrace":"org.openqa.selenium.NoSuchElementException: An element could not be located on the page using the given search parameters.\nFor documentation on this error, please visit: https://www.selenium.dev/documentation/webdriver/troubleshooting/errors#no-such-element-exception\nBuild info: version: '4.27.0', revision: 'd6e718d134'\nSystem info: os.name: 'Linux', os.arch: 'amd64', os.version: '6.11.0-1018-azure', java.version: '17.0.17'\nDriver info: io.appium.java_client.android.AndroidDriver\nCommand: [5dc09ef36a7024f1907c1b2d3c4ee138dc5870a9, findElement {using=accessibility id, value=product label}]\nCapabilities {appium:appActivity: .MainActivity, appium:appPackage: com.saucelabs.mydemoapp.rn, appium:autoGrantPermissions: true, appium:automationName: uiautomator2, appium:bundleID: com.saucelabs.mydemoapp.rn, appium:bundleId: com.saucelabs.mydemoapp.rn, appium:chromedriverArgs: [--adb-port=5038], appium:chromedriverExecutable: /usr/local/.browserstack/de..., appium:chromedriverPort: 18081, appium:chromedriverPorts: [[18111, 18121]], appium:databaseEnabled: false, appium:desired: {appActivity: .MainActivity, appPackage: com.saucelabs.mydemoapp.rn, autoGrantPermissions: true, automationName: uiautomator2, bundleID: com.saucelabs.mydemoapp.rn, bundleId: com.saucelabs.mydemoapp.rn, chromedriverArgs: [--adb-port=5038], chromedriverExecutable: /usr/local/.browserstack/de..., chromedriverPort: 18081, chromedriverPorts: [[18111, 18121]], deviceName: google pixel 6 pro, disableSuppressAccessibilityService: true, goog:chromeOptions: {}, nativeWebScreenshot: true, newCommandTimeout: 0, noReset: false, platformName: Android, platformVersion: 13.0, skipServerInstallation: true, suppressKillServer: true, systemPort: 8201, udid: 1B271FDEE007YX}, appium:deviceApiLevel: 33, appium:deviceManufacturer: Google, appium:deviceModel: Pixel 6 Pro, appium:deviceName: 1B271FDEE007YX, appium:deviceScreenDensity: 560, appium:deviceScreenSize: 1440x3120, appium:deviceUDID: 1B271FDEE007YX, appium:disableSuppressAccessibilityService: true, appium:javascriptEnabled: true, appium:locationContextEnabled: false, appium:nativeWebScreenshot: true, appium:networkConnectionEnabled: true, appium:newCommandTimeout: 0, appium:noReset: false, appium:pixelRatio: 3.5, appium:platformVersion: 13, appium:skipServerInstallation: true, appium:statBarHeight: 130, appium:suppressKillServer: true, appium:systemPort: 8201, appium:takesScreenshot: true, appium:udid: 1B271FDEE007YX, appium:viewportRect: {height: 2990, left: 0, top: 130, width: 1440}, appium:warnings: {}, appium:webStorageEnabled: false, goog:chromeOptions: {}, platformName: ANDROID}\nSession ID: 5dc09ef36a7024f1907c1b2d3c4ee138dc5870a9\n\tat java.base/jdk.internal.reflect.NativeConstructorAccessorImpl.newInstance0(Native Method)\n\tat java.base/jdk.internal.reflect.NativeConstructorAccessorImpl.newInstance(NativeConstructorAccessorImpl.java:77)\n\tat java.base/jdk.internal.reflect.DelegatingConstructorAccessorImpl.newInstance(DelegatingConstructorAccessorImpl.java:45)\n\tat java.base/java.lang.reflect.Constructor.newInstanceWithCaller(Constructor.java:500)\n\tat java.base/java.lang.reflect.Constructor.newInstance(Constructor.java:481)\n\tat org.openqa.selenium.remote.ErrorCodec.decode(ErrorCodec.java:167)\n\tat org.openqa.selenium.remote.codec.w3c.W3CHttpResponseCodec.decode(W3CHttpResponseCodec.java:138)\n\tat org.openqa.selenium.remote.codec.w3c.W3CHttpResponseCodec.decode(W3CHttpResponseCodec.java:50)\n\tat org.openqa.selenium.remote.HttpCommandExecutor.execute(HttpCommandExecutor.java:190)\n\tat io.appium.java_client.remote.AppiumCommandExecutor.execute(AppiumCommandExecutor.java:237)\n\tat org.openqa.selenium.remote.RemoteWebDriver.execute(RemoteWebDriver.java:545)\n\tat org.openqa.selenium.remote.ElementLocation$ElementFinder$2.findElement(ElementLocation.java:165)\n\tat org.openqa.selenium.remote.ElementLocation.findElement(ElementLocation.java:59)\n\tat org.openqa.selenium.remote.RemoteWebDriver.findElement(RemoteWebDriver.java:368)\n\tat org.openqa.selenium.remote.RemoteWebDriver.findElement(RemoteWebDriver.java:362)\n\tat mobile.screens.BaseScreen.findElement(BaseScreen.java:25)\n\tat mobile.screens.BaseScreen.lambda$getText$2(BaseScreen.java:46)\n\tat io.qameta.allure.Allure.lambda$step$1(Allure.java:127)\n\tat io.qameta.allure.Allure.step(Allure.java:181)\n\tat io.qameta.allure.Allure.step(Allure.java:125)\n\tat mobile.screens.BaseScreen.getText(BaseScreen.java:43)\n\tat mobile.screens.CartScreen.getProductNameInCart(CartScreen.java:28)\n\tat mobile.CartTest.addAndRemoveProductFromCartTest(CartTest.java:18)\n\tat java.base/jdk.internal.reflect.NativeMethodAccessorImpl.invoke0(Native Method)\n\tat java.base/jdk.internal.reflect.NativeMethodAccessorImpl.invoke(NativeMethodAccessorImpl.java:77)\n\tat java.base/jdk.internal.reflect.DelegatingMethodAccessorImpl.invoke(DelegatingMethodAccessorImpl.java:43)\n\tat java.base/java.lang.reflect.Method.invoke(Method.java:569)\n\tat org.testng.internal.invokers.MethodInvocationHelper.invokeMethod(MethodInvocationHelper.java:141)\n\tat org.testng.internal.invokers.TestInvoker.invokeMethod(TestInvoker.java:686)\n\tat org.testng.internal.invokers.TestInvoker.invokeTestMethod(TestInvoker.java:230)\n\tat org.testng.internal.invokers.MethodRunner.runInSequence(MethodRunner.java:63)\n\tat org.testng.internal.invokers.TestInvoker$MethodInvocationAgent.invoke(TestInvoker.java:992)\n\tat org.testng.internal.invokers.TestInvoker.invokeTestMethods(TestInvoker.java:203)\n\tat org.testng.internal.invokers.TestMethodWorker.invokeTestMethods(TestMethodWorker.java:154)\n\tat org.testng.internal.invokers.TestMethodWorker.run(TestMethodWorker.java:134)\n\tat java.base/java.util.concurrent.Executors$RunnableAdapter.call(Executors.java:539)\n\tat java.base/java.util.concurrent.FutureTask.run(FutureTask.java:264)\n\tat org.testng.internal.thread.graph.TestNGFutureTask.run(TestNGFutureTask.java:22)\n\tat java.base/java.util.concurrent.ThreadPoolExecutor.runWorker(ThreadPoolExecutor.java:1136)\n\tat java.base/java.util.concurrent.ThreadPoolExecutor$Worker.run(ThreadPoolExecutor.java:635)\n\tat java.base/java.lang.Thread.run(Thread.java:840)\n","steps":[],"attachments":[],"parameters":[],"stepsCount":0,"shouldDisplayMessage":true,"attachmentsCount":0,"hasContent":true,"attachmentStep":false}],"attachments":[],"parameters":[],"stepsCount":5,"shouldDisplayMessage":false,"attachmentsCount":0,"hasContent":true,"attachmentStep":false},"afterStages":[{"name":"tearDown","time":{"start":1767970560160,"stop":1767970561180,"duration":1020},"description":"","status":"passed","steps":[],"attachments":[],"parameters":[],"stepsCount":0,"shouldDisplayMessage":false,"attachmentsCount":0,"hasContent":false,"attachmentStep":false}],"labels":[{"name":"package","value":"mobile.CartTest"},{"name":"testClass","value":"mobile.CartTest"},{"name":"testMethod","value":"addAndRemoveProductFromCartTest"},{"name":"parentSuite","value":"Mobile Test Suite"},{"name":"suite","value":"Mobile Tests"},{"name":"subSuite","value":"mobile.CartTest"},{"name":"host","value":"runnervmi13qx"},{"name":"thread","value":"2219@runnervmi13qx.TestNG-test-Mobile Tests-3(22)"},{"name":"framework","value":"testng"},{"name":"language","value":"java"},{"name":"resultFormat","value":"allure2"}],"parameters":[],"links":[],"hidden":true,"retry":true,"extra":{"categories":[],"tags":[]},"source":"18e8dcd051efa39c.json","parameterValues":[]}