{"uid":"20ac6a4cca333492","name":"setUp","fullName":"web.BaseWebTest.setUp","historyId":"75c4cf2a4d8b13e8d185373eddea22b3","time":{"start":1768067131132,"stop":1768067131134,"duration":2},"status":"broken","statusMessage":"java.lang.ExceptionInInitializerError","statusTrace":"java.lang.ExceptionInInitializerError\n\tat web.BaseWebTest.setUp(BaseWebTest.java:31)\n\tat java.base/jdk.internal.reflect.NativeMethodAccessorImpl.invoke0(Native Method)\n\tat java.base/jdk.internal.reflect.NativeMethodAccessorImpl.invoke(NativeMethodAccessorImpl.java:77)\n\tat java.base/jdk.internal.reflect.DelegatingMethodAccessorImpl.invoke(DelegatingMethodAccessorImpl.java:43)\n\tat java.base/java.lang.reflect.Method.invoke(Method.java:569)\n\tat org.testng.internal.invokers.MethodInvocationHelper.invokeMethod(MethodInvocationHelper.java:141)\n\tat org.testng.internal.invokers.MethodInvocationHelper.invokeMethodConsideringTimeout(MethodInvocationHelper.java:71)\n\tat org.testng.internal.invokers.ConfigInvoker.invokeConfigurationMethod(ConfigInvoker.java:400)\n\tat org.testng.internal.invokers.ConfigInvoker.invokeConfigurations(ConfigInvoker.java:333)\n\tat org.testng.internal.invokers.TestMethodWorker.invokeBeforeClassMethods(TestMethodWorker.java:188)\n\tat org.testng.internal.invokers.TestMethodWorker.run(TestMethodWorker.java:128)\n\tat java.base/java.util.concurrent.Executors$RunnableAdapter.call(Executors.java:539)\n\tat java.base/java.util.concurrent.FutureTask.run(FutureTask.java:264)\n\tat org.testng.internal.thread.graph.TestNGFutureTask.run(TestNGFutureTask.java:22)\n\tat java.base/java.util.concurrent.ThreadPoolExecutor.runWorker(ThreadPoolExecutor.java:1136)\n\tat java.base/java.util.concurrent.ThreadPoolExecutor$Worker.run(ThreadPoolExecutor.java:635)\n\tat java.base/java.lang.Thread.run(Thread.java:840)\nCaused by: java.lang.IllegalArgumentException: URI is not absolute\n\tat java.base/java.net.URL.fromURI(URL.java:721)\n\tat java.base/java.net.URI.toURL(URI.java:1139)\n\tat org.aeonbits.owner.loaders.XMLLoader.accept(XMLLoader.java:131)\n\tat org.aeonbits.owner.LoadersManager.findLoader(LoadersManager.java:55)\n\tat org.aeonbits.owner.LoadersManager.load(LoadersManager.java:47)\n\tat org.aeonbits.owner.Config$LoadType$1.load(Config.java:134)\n\tat org.aeonbits.owner.PropertiesManager.doLoad(PropertiesManager.java:339)\n\tat org.aeonbits.owner.PropertiesManager.load(PropertiesManager.java:212)\n\tat org.aeonbits.owner.PropertiesManager.load(PropertiesManager.java:202)\n\tat org.aeonbits.owner.PropertiesInvocationHandler.<init>(PropertiesInvocationHandler.java:54)\n\tat org.aeonbits.owner.DefaultFactory.create(DefaultFactory.java:46)\n\tat org.aeonbits.owner.ConfigFactory.create(ConfigFactory.java:73)\n\tat utils.ProjectConfig.<clinit>(ProjectConfig.java:8)\n\t... 17 more\n","flaky":false,"newFailed":false,"newBroken":false,"newPassed":false,"retriesCount":0,"retriesStatusChange":false,"beforeStages":[{"name":"setUpRetry","time":{"start":1768067130980,"stop":1768067130987,"duration":7},"description":"","status":"passed","steps":[],"attachments":[],"parameters":[],"stepsCount":0,"shouldDisplayMessage":false,"attachmentsCount":0,"hasContent":false,"attachmentStep":false},{"name":"setUp","time":{"start":1768067131019,"stop":1768067131086,"duration":67},"description":"","status":"broken","statusMessage":"java.lang.ExceptionInInitializerError","statusTrace":"java.lang.ExceptionInInitializerError\n\tat web.BaseWebTest.setUp(BaseWebTest.java:31)\n\tat java.base/jdk.internal.reflect.NativeMethodAccessorImpl.invoke0(Native Method)\n\tat java.base/jdk.internal.reflect.NativeMethodAccessorImpl.invoke(NativeMethodAccessorImpl.java:77)\n\tat java.base/jdk.internal.reflect.DelegatingMethodAccessorImpl.invoke(DelegatingMethodAccessorImpl.java:43)\n\tat java.base/java.lang.reflect.Method.invoke(Method.java:569)\n\tat org.testng.internal.invokers.MethodInvocationHelper.invokeMethod(MethodInvocationHelper.java:141)\n\tat org.testng.internal.invokers.MethodInvocationHelper.invokeMethodConsideringTimeout(MethodInvocationHelper.java:71)\n\tat org.testng.internal.invokers.ConfigInvoker.invokeConfigurationMethod(ConfigInvoker.java:400)\n\tat org.testng.internal.invokers.ConfigInvoker.invokeConfigurations(ConfigInvoker.java:333)\n\tat org.testng.internal.invokers.TestMethodWorker.invokeBeforeClassMethods(TestMethodWorker.java:188)\n\tat org.testng.internal.invokers.TestMethodWorker.run(TestMethodWorker.java:128)\n\tat java.base/java.util.concurrent.Executors$RunnableAdapter.call(Executors.java:539)\n\tat java.base/java.util.concurrent.FutureTask.run(FutureTask.java:264)\n\tat org.testng.internal.thread.graph.TestNGFutureTask.run(TestNGFutureTask.java:22)\n\tat java.base/java.util.concurrent.ThreadPoolExecutor.runWorker(ThreadPoolExecutor.java:1136)\n\tat java.base/java.util.concurrent.ThreadPoolExecutor$Worker.run(ThreadPoolExecutor.java:635)\n\tat java.base/java.lang.Thread.run(Thread.java:840)\nCaused by: java.lang.IllegalArgumentException: URI is not absolute\n\tat java.base/java.net.URL.fromURI(URL.java:721)\n\tat java.base/java.net.URI.toURL(URI.java:1139)\n\tat org.aeonbits.owner.loaders.XMLLoader.accept(XMLLoader.java:131)\n\tat org.aeonbits.owner.LoadersManager.findLoader(LoadersManager.java:55)\n\tat org.aeonbits.owner.LoadersManager.load(LoadersManager.java:47)\n\tat org.aeonbits.owner.Config$LoadType$1.load(Config.java:134)\n\tat org.aeonbits.owner.PropertiesManager.doLoad(PropertiesManager.java:339)\n\tat org.aeonbits.owner.PropertiesManager.load(PropertiesManager.java:212)\n\tat org.aeonbits.owner.PropertiesManager.load(PropertiesManager.java:202)\n\tat org.aeonbits.owner.PropertiesInvocationHandler.<init>(PropertiesInvocationHandler.java:54)\n\tat org.aeonbits.owner.DefaultFactory.create(DefaultFactory.java:46)\n\tat org.aeonbits.owner.ConfigFactory.create(ConfigFactory.java:73)\n\tat utils.ProjectConfig.<clinit>(ProjectConfig.java:8)\n\t... 17 more\n","steps":[],"attachments":[],"parameters":[],"stepsCount":0,"shouldDisplayMessage":true,"attachmentsCount":0,"hasContent":true,"attachmentStep":false}],"afterStages":[],"labels":[{"name":"package","value":"web.ShoppingTest"},{"name":"testClass","value":"web.ShoppingTest"},{"name":"testMethod","value":"setUp"},{"name":"parentSuite","value":"Web Test Suite"},{"name":"suite","value":"Web Tests"},{"name":"subSuite","value":"web.ShoppingTest"},{"name":"host","value":"runnervmi13qx"},{"name":"thread","value":"2215@runnervmi13qx.TestNG-test-Web Tests-2(20)"},{"name":"framework","value":"testng"},{"name":"language","value":"java"},{"name":"AS_ID","value":"-1"},{"name":"resultFormat","value":"allure2"}],"parameters":[],"links":[],"hidden":true,"retry":true,"extra":{"categories":[],"tags":[]},"source":"20ac6a4cca333492.json","parameterValues":[]}