{"uid":"a4663a65c45bac22","name":"Verify that user can complete checkout process with generated user data","fullName":"web.CheckoutTest.completeCheckoutWithGeneratedUserDataTest","historyId":"555e4949431023361d7f62d1ed0edf7a","time":{"start":1768067138361,"stop":1768067138363,"duration":2},"status":"skipped","statusMessage":"java.lang.ExceptionInInitializerError","statusTrace":"java.lang.ExceptionInInitializerError\n\tat web.BaseWebTest.setUp(BaseWebTest.java:31)\n\tat java.base/jdk.internal.reflect.NativeMethodAccessorImpl.invoke0(Native Method)\n\tat java.base/jdk.internal.reflect.NativeMethodAccessorImpl.invoke(NativeMethodAccessorImpl.java:77)\n\tat java.base/jdk.internal.reflect.DelegatingMethodAccessorImpl.invoke(DelegatingMethodAccessorImpl.java:43)\n\tat java.base/java.lang.reflect.Method.invoke(Method.java:569)\n\tat org.testng.internal.invokers.MethodInvocationHelper.invokeMethod(MethodInvocationHelper.java:141)\n\tat org.testng.internal.invokers.MethodInvocationHelper.invokeMethodConsideringTimeout(MethodInvocationHelper.java:71)\n\tat org.testng.internal.invokers.ConfigInvoker.invokeConfigurationMethod(ConfigInvoker.java:400)\n\tat org.testng.internal.invokers.ConfigInvoker.invokeConfigurations(ConfigInvoker.java:333)\n\tat org.testng.internal.invokers.TestMethodWorker.invokeBeforeClassMethods(TestMethodWorker.java:188)\n\tat org.testng.internal.invokers.TestMethodWorker.run(TestMethodWorker.java:128)\n\tat java.base/java.util.concurrent.Executors$RunnableAdapter.call(Executors.java:539)\n\tat java.base/java.util.concurrent.FutureTask.run(FutureTask.java:264)\n\tat org.testng.internal.thread.graph.TestNGFutureTask.run(TestNGFutureTask.java:22)\n\tat java.base/java.util.concurrent.ThreadPoolExecutor.runWorker(ThreadPoolExecutor.java:1136)\n\tat java.base/java.util.concurrent.ThreadPoolExecutor$Worker.run(ThreadPoolExecutor.java:635)\n\tat java.base/java.lang.Thread.run(Thread.java:840)\nCaused by: java.lang.IllegalArgumentException: URI is not absolute\n\tat java.base/java.net.URL.fromURI(URL.java:721)\n\tat java.base/java.net.URI.toURL(URI.java:1139)\n\tat org.aeonbits.owner.loaders.XMLLoader.accept(XMLLoader.java:131)\n\tat org.aeonbits.owner.LoadersManager.findLoader(LoadersManager.java:55)\n\tat org.aeonbits.owner.LoadersManager.load(LoadersManager.java:47)\n\tat org.aeonbits.owner.Config$LoadType$1.load(Config.java:134)\n\tat org.aeonbits.owner.PropertiesManager.doLoad(PropertiesManager.java:339)\n\tat org.aeonbits.owner.PropertiesManager.load(PropertiesManager.java:212)\n\tat org.aeonbits.owner.PropertiesManager.load(PropertiesManager.java:202)\n\tat org.aeonbits.owner.PropertiesInvocationHandler.<init>(PropertiesInvocationHandler.java:54)\n\tat org.aeonbits.owner.DefaultFactory.create(DefaultFactory.java:46)\n\tat org.aeonbits.owner.ConfigFactory.create(ConfigFactory.java:73)\n\tat utils.ProjectConfig.<clinit>(ProjectConfig.java:8)\n\t... 17 more\n","flaky":false,"newFailed":false,"newBroken":false,"newPassed":false,"retriesCount":2,"retriesStatusChange":false,"beforeStages":[{"name":"setUpRetry","time":{"start":1768067138099,"stop":1768067138104,"duration":5},"description":"","status":"passed","steps":[],"attachments":[],"parameters":[],"stepsCount":0,"shouldDisplayMessage":false,"attachmentsCount":0,"hasContent":false,"attachmentStep":false},{"name":"setUp","time":{"start":1768067138134,"stop":1768067138199,"duration":65},"description":"","status":"broken","statusMessage":"java.lang.ExceptionInInitializerError","statusTrace":"java.lang.ExceptionInInitializerError\n\tat web.BaseWebTest.setUp(BaseWebTest.java:31)\n\tat java.base/jdk.internal.reflect.NativeMethodAccessorImpl.invoke0(Native Method)\n\tat java.base/jdk.internal.reflect.NativeMethodAccessorImpl.invoke(NativeMethodAccessorImpl.java:77)\n\tat java.base/jdk.internal.reflect.DelegatingMethodAccessorImpl.invoke(DelegatingMethodAccessorImpl.java:43)\n\tat java.base/java.lang.reflect.Method.invoke(Method.java:569)\n\tat org.testng.internal.invokers.MethodInvocationHelper.invokeMethod(MethodInvocationHelper.java:141)\n\tat org.testng.internal.invokers.MethodInvocationHelper.invokeMethodConsideringTimeout(MethodInvocationHelper.java:71)\n\tat org.testng.internal.invokers.ConfigInvoker.invokeConfigurationMethod(ConfigInvoker.java:400)\n\tat org.testng.internal.invokers.ConfigInvoker.invokeConfigurations(ConfigInvoker.java:333)\n\tat org.testng.internal.invokers.TestMethodWorker.invokeBeforeClassMethods(TestMethodWorker.java:188)\n\tat org.testng.internal.invokers.TestMethodWorker.run(TestMethodWorker.java:128)\n\tat java.base/java.util.concurrent.Executors$RunnableAdapter.call(Executors.java:539)\n\tat java.base/java.util.concurrent.FutureTask.run(FutureTask.java:264)\n\tat org.testng.internal.thread.graph.TestNGFutureTask.run(TestNGFutureTask.java:22)\n\tat java.base/java.util.concurrent.ThreadPoolExecutor.runWorker(ThreadPoolExecutor.java:1136)\n\tat java.base/java.util.concurrent.ThreadPoolExecutor$Worker.run(ThreadPoolExecutor.java:635)\n\tat java.base/java.lang.Thread.run(Thread.java:840)\nCaused by: java.lang.IllegalArgumentException: URI is not absolute\n\tat java.base/java.net.URL.fromURI(URL.java:721)\n\tat java.base/java.net.URI.toURL(URI.java:1139)\n\tat org.aeonbits.owner.loaders.XMLLoader.accept(XMLLoader.java:131)\n\tat org.aeonbits.owner.LoadersManager.findLoader(LoadersManager.java:55)\n\tat org.aeonbits.owner.LoadersManager.load(LoadersManager.java:47)\n\tat org.aeonbits.owner.Config$LoadType$1.load(Config.java:134)\n\tat org.aeonbits.owner.PropertiesManager.doLoad(PropertiesManager.java:339)\n\tat org.aeonbits.owner.PropertiesManager.load(PropertiesManager.java:212)\n\tat org.aeonbits.owner.PropertiesManager.load(PropertiesManager.java:202)\n\tat org.aeonbits.owner.PropertiesInvocationHandler.<init>(PropertiesInvocationHandler.java:54)\n\tat org.aeonbits.owner.DefaultFactory.create(DefaultFactory.java:46)\n\tat org.aeonbits.owner.ConfigFactory.create(ConfigFactory.java:73)\n\tat utils.ProjectConfig.<clinit>(ProjectConfig.java:8)\n\t... 17 more\n","steps":[],"attachments":[],"parameters":[],"stepsCount":0,"shouldDisplayMessage":true,"attachmentsCount":0,"hasContent":true,"attachmentStep":false},{"name":"setupTest","time":{"start":1768067138343,"stop":1768067138343,"duration":0},"description":"","status":"broken","steps":[],"attachments":[],"parameters":[],"stepsCount":0,"shouldDisplayMessage":false,"attachmentsCount":0,"hasContent":false,"attachmentStep":false}],"afterStages":[{"name":"tearDown","time":{"start":1768067138365,"stop":1768067138365,"duration":0},"description":"","status":"broken","steps":[],"attachments":[],"parameters":[],"stepsCount":0,"shouldDisplayMessage":false,"attachmentsCount":0,"hasContent":false,"attachmentStep":false}],"labels":[{"name":"package","value":"web.CheckoutTest"},{"name":"testClass","value":"web.CheckoutTest"},{"name":"testMethod","value":"completeCheckoutWithGeneratedUserDataTest"},{"name":"parentSuite","value":"Web Test Suite"},{"name":"suite","value":"Web Tests"},{"name":"subSuite","value":"web.CheckoutTest"},{"name":"host","value":"runnervmi13qx"},{"name":"thread","value":"2217@runnervmi13qx.TestNG-test-Web Tests-3(22)"},{"name":"framework","value":"testng"},{"name":"language","value":"java"},{"name":"resultFormat","value":"allure2"}],"parameters":[],"links":[],"hidden":false,"retry":false,"extra":{"severity":"normal","retries":[{"uid":"fbd9a2d4b7c678b6","status":"skipped","statusDetails":"Could not initialize class utils.ProjectConfig","time":{"start":1768067131255,"stop":1768067131257,"duration":2}},{"uid":"f1e42a4cdad08d34","status":"skipped","statusDetails":"Could not initialize class utils.ProjectConfig","time":{"start":1768067130999,"stop":1768067131004,"duration":5}}],"categories":[],"history":{"statistic":{"failed":2,"broken":0,"skipped":1,"passed":8,"unknown":0,"total":11},"items":[{"uid":"1163e5513ffe7c85","reportUrl":"https://Polishevskyi.github.io/java_framework/8/#testresult/1163e5513ffe7c85","status":"passed","time":{"start":1768066140437,"stop":1768066152478,"duration":12041}},{"uid":"123773a6d6ee6c23","reportUrl":"https://Polishevskyi.github.io/java_framework/22/#testresult/123773a6d6ee6c23","status":"passed","time":{"start":1768065850752,"stop":1768065862341,"duration":11589}},{"uid":"a30f6c2e395b7790","reportUrl":"https://Polishevskyi.github.io/java_framework/7/#testresult/a30f6c2e395b7790","status":"passed","time":{"start":1767971586834,"stop":1767971601176,"duration":14342}},{"uid":"247e7ac3ac43901a","reportUrl":"https://Polishevskyi.github.io/java_framework/21/#testresult/247e7ac3ac43901a","status":"passed","time":{"start":1767971451697,"stop":1767971463759,"duration":12062}},{"uid":"ecc6e553f5583f7f","reportUrl":"https://Polishevskyi.github.io/java_framework/6/#testresult/ecc6e553f5583f7f","status":"passed","time":{"start":1767970934122,"stop":1767970940382,"duration":6260}},{"uid":"b536a83ecd50feac","reportUrl":"https://Polishevskyi.github.io/java_framework/20/#testresult/b536a83ecd50feac","status":"passed","time":{"start":1767970000993,"stop":1767970014403,"duration":13410}},{"uid":"c38a8a0b81134c14","reportUrl":"https://Polishevskyi.github.io/java_framework/19/#testresult/c38a8a0b81134c14","status":"passed","time":{"start":1767969246026,"stop":1767969248476,"duration":2450}},{"uid":"fcb3f82f034f71aa","reportUrl":"https://Polishevskyi.github.io/java_framework/18/#testresult/fcb3f82f034f71aa","status":"passed","time":{"start":1767968597578,"stop":1767968599785,"duration":2207}},{"uid":"256ba6c8e7b6bf67","reportUrl":"https://Polishevskyi.github.io/java_framework/17/#testresult/256ba6c8e7b6bf67","status":"failed","statusDetails":"Element not found {#user-name}\nExpected: editable\nScreenshot: file:/home/runner/work/java_framework/java_framework/build/reports/tests/1767968009293.11.png\nPage source: file:/home/runner/work/java_framework/java_framework/build/reports/tests/1767968009293.11.html\nTimeout: 4 s.\nCaused by: NoSuchElementException: no such element: Unable to locate element: {\"method\":\"css selector\",\"selector\":\"#user-name\"}","time":{"start":1767968004882,"stop":1767968009422,"duration":4540}},{"uid":"ddc6d242cb766594","reportUrl":"https://Polishevskyi.github.io/java_framework/16/#testresult/ddc6d242cb766594","status":"failed","statusDetails":"Element not found {#user-name}\nExpected: editable\nScreenshot: file:/home/runner/work/java_framework/java_framework/build/reports/tests/1767967713143.11.png\nPage source: file:/home/runner/work/java_framework/java_framework/build/reports/tests/1767967713143.11.html\nTimeout: 4 s.\nCaused by: NoSuchElementException: no such element: Unable to locate element: {\"method\":\"css selector\",\"selector\":\"#user-name\"}","time":{"start":1767967708714,"stop":1767967713273,"duration":4559}}]},"tags":[]},"source":"a4663a65c45bac22.json","parameterValues":[]}