{"uid":"d4be275837a96dd3","name":"Verify that user can add multiple products to cart and remove one","fullName":"web.ShoppingTest.addMultipleProductsAndRemoveOneTest","historyId":"b5a0cb2dc5c6098d5cd06242ff95394f","time":{"start":1768067138364,"stop":1768067138365,"duration":1},"status":"skipped","statusMessage":"Could not initialize class utils.ProjectConfig","statusTrace":"java.lang.NoClassDefFoundError: Could not initialize class utils.ProjectConfig\n\tat web.BaseWebTest.setUp(BaseWebTest.java:31)\n\tat java.base/jdk.internal.reflect.NativeMethodAccessorImpl.invoke0(Native Method)\n\tat java.base/jdk.internal.reflect.NativeMethodAccessorImpl.invoke(NativeMethodAccessorImpl.java:77)\n\tat java.base/jdk.internal.reflect.DelegatingMethodAccessorImpl.invoke(DelegatingMethodAccessorImpl.java:43)\n\tat java.base/java.lang.reflect.Method.invoke(Method.java:569)\n\tat org.testng.internal.invokers.MethodInvocationHelper.invokeMethod(MethodInvocationHelper.java:141)\n\tat org.testng.internal.invokers.MethodInvocationHelper.invokeMethodConsideringTimeout(MethodInvocationHelper.java:71)\n\tat org.testng.internal.invokers.ConfigInvoker.invokeConfigurationMethod(ConfigInvoker.java:400)\n\tat org.testng.internal.invokers.ConfigInvoker.invokeConfigurations(ConfigInvoker.java:333)\n\tat org.testng.internal.invokers.TestMethodWorker.invokeBeforeClassMethods(TestMethodWorker.java:188)\n\tat org.testng.internal.invokers.TestMethodWorker.run(TestMethodWorker.java:128)\n\tat java.base/java.util.concurrent.Executors$RunnableAdapter.call(Executors.java:539)\n\tat java.base/java.util.concurrent.FutureTask.run(FutureTask.java:264)\n\tat org.testng.internal.thread.graph.TestNGFutureTask.run(TestNGFutureTask.java:22)\n\tat java.base/java.util.concurrent.ThreadPoolExecutor.runWorker(ThreadPoolExecutor.java:1136)\n\tat java.base/java.util.concurrent.ThreadPoolExecutor$Worker.run(ThreadPoolExecutor.java:635)\n\tat java.base/java.lang.Thread.run(Thread.java:840)\nCaused by: java.lang.ExceptionInInitializerError: Exception java.lang.IllegalArgumentException: URI is not absolute [in thread \"TestNG-test-Web Tests-3\"]\n\tat java.base/java.net.URL.fromURI(URL.java:721)\n\tat java.base/java.net.URI.toURL(URI.java:1139)\n\tat org.aeonbits.owner.loaders.XMLLoader.accept(XMLLoader.java:131)\n\tat org.aeonbits.owner.LoadersManager.findLoader(LoadersManager.java:55)\n\tat org.aeonbits.owner.LoadersManager.load(LoadersManager.java:47)\n\tat org.aeonbits.owner.Config$LoadType$1.load(Config.java:134)\n\tat org.aeonbits.owner.PropertiesManager.doLoad(PropertiesManager.java:339)\n\tat org.aeonbits.owner.PropertiesManager.load(PropertiesManager.java:212)\n\tat org.aeonbits.owner.PropertiesManager.load(PropertiesManager.java:202)\n\tat org.aeonbits.owner.PropertiesInvocationHandler.<init>(PropertiesInvocationHandler.java:54)\n\tat org.aeonbits.owner.DefaultFactory.create(DefaultFactory.java:46)\n\tat org.aeonbits.owner.ConfigFactory.create(ConfigFactory.java:73)\n\tat utils.ProjectConfig.<clinit>(ProjectConfig.java:8)\n\t... 17 more\n","flaky":false,"newFailed":false,"newBroken":false,"newPassed":false,"retriesCount":2,"retriesStatusChange":false,"beforeStages":[{"name":"setUpRetry","time":{"start":1768067138099,"stop":1768067138104,"duration":5},"description":"","status":"passed","steps":[],"attachments":[],"parameters":[],"stepsCount":0,"shouldDisplayMessage":false,"attachmentsCount":0,"hasContent":false,"attachmentStep":false},{"name":"setUp","time":{"start":1768067138136,"stop":1768067138199,"duration":63},"description":"","status":"broken","statusMessage":"Could not initialize class utils.ProjectConfig","statusTrace":"java.lang.NoClassDefFoundError: Could not initialize class utils.ProjectConfig\n\tat web.BaseWebTest.setUp(BaseWebTest.java:31)\n\tat java.base/jdk.internal.reflect.NativeMethodAccessorImpl.invoke0(Native Method)\n\tat java.base/jdk.internal.reflect.NativeMethodAccessorImpl.invoke(NativeMethodAccessorImpl.java:77)\n\tat java.base/jdk.internal.reflect.DelegatingMethodAccessorImpl.invoke(DelegatingMethodAccessorImpl.java:43)\n\tat java.base/java.lang.reflect.Method.invoke(Method.java:569)\n\tat org.testng.internal.invokers.MethodInvocationHelper.invokeMethod(MethodInvocationHelper.java:141)\n\tat org.testng.internal.invokers.MethodInvocationHelper.invokeMethodConsideringTimeout(MethodInvocationHelper.java:71)\n\tat org.testng.internal.invokers.ConfigInvoker.invokeConfigurationMethod(ConfigInvoker.java:400)\n\tat org.testng.internal.invokers.ConfigInvoker.invokeConfigurations(ConfigInvoker.java:333)\n\tat org.testng.internal.invokers.TestMethodWorker.invokeBeforeClassMethods(TestMethodWorker.java:188)\n\tat org.testng.internal.invokers.TestMethodWorker.run(TestMethodWorker.java:128)\n\tat java.base/java.util.concurrent.Executors$RunnableAdapter.call(Executors.java:539)\n\tat java.base/java.util.concurrent.FutureTask.run(FutureTask.java:264)\n\tat org.testng.internal.thread.graph.TestNGFutureTask.run(TestNGFutureTask.java:22)\n\tat java.base/java.util.concurrent.ThreadPoolExecutor.runWorker(ThreadPoolExecutor.java:1136)\n\tat java.base/java.util.concurrent.ThreadPoolExecutor$Worker.run(ThreadPoolExecutor.java:635)\n\tat java.base/java.lang.Thread.run(Thread.java:840)\nCaused by: java.lang.ExceptionInInitializerError: Exception java.lang.IllegalArgumentException: URI is not absolute [in thread \"TestNG-test-Web Tests-3\"]\n\tat java.base/java.net.URL.fromURI(URL.java:721)\n\tat java.base/java.net.URI.toURL(URI.java:1139)\n\tat org.aeonbits.owner.loaders.XMLLoader.accept(XMLLoader.java:131)\n\tat org.aeonbits.owner.LoadersManager.findLoader(LoadersManager.java:55)\n\tat org.aeonbits.owner.LoadersManager.load(LoadersManager.java:47)\n\tat org.aeonbits.owner.Config$LoadType$1.load(Config.java:134)\n\tat org.aeonbits.owner.PropertiesManager.doLoad(PropertiesManager.java:339)\n\tat org.aeonbits.owner.PropertiesManager.load(PropertiesManager.java:212)\n\tat org.aeonbits.owner.PropertiesManager.load(PropertiesManager.java:202)\n\tat org.aeonbits.owner.PropertiesInvocationHandler.<init>(PropertiesInvocationHandler.java:54)\n\tat org.aeonbits.owner.DefaultFactory.create(DefaultFactory.java:46)\n\tat org.aeonbits.owner.ConfigFactory.create(ConfigFactory.java:73)\n\tat utils.ProjectConfig.<clinit>(ProjectConfig.java:8)\n\t... 17 more\n","steps":[],"attachments":[],"parameters":[],"stepsCount":0,"shouldDisplayMessage":true,"attachmentsCount":0,"hasContent":true,"attachmentStep":false},{"name":"setupTest","time":{"start":1768067138343,"stop":1768067138343,"duration":0},"description":"","status":"broken","steps":[],"attachments":[],"parameters":[],"stepsCount":0,"shouldDisplayMessage":false,"attachmentsCount":0,"hasContent":false,"attachmentStep":false}],"afterStages":[{"name":"tearDown","time":{"start":1768067138367,"stop":1768067138367,"duration":0},"description":"","status":"broken","steps":[],"attachments":[],"parameters":[],"stepsCount":0,"shouldDisplayMessage":false,"attachmentsCount":0,"hasContent":false,"attachmentStep":false}],"labels":[{"name":"package","value":"web.ShoppingTest"},{"name":"testClass","value":"web.ShoppingTest"},{"name":"testMethod","value":"addMultipleProductsAndRemoveOneTest"},{"name":"parentSuite","value":"Web Test Suite"},{"name":"suite","value":"Web Tests"},{"name":"subSuite","value":"web.ShoppingTest"},{"name":"host","value":"runnervmi13qx"},{"name":"thread","value":"2217@runnervmi13qx.TestNG-test-Web Tests-2(21)"},{"name":"framework","value":"testng"},{"name":"language","value":"java"},{"name":"resultFormat","value":"allure2"}],"parameters":[],"links":[],"hidden":false,"retry":false,"extra":{"severity":"normal","retries":[{"uid":"102e673d6b77513f","status":"skipped","statusDetails":"java.lang.ExceptionInInitializerError","time":{"start":1768067131255,"stop":1768067131257,"duration":2}},{"uid":"b7270bc6a7a98767","status":"skipped","statusDetails":"java.lang.ExceptionInInitializerError","time":{"start":1768067130997,"stop":1768067131001,"duration":4}}],"categories":[],"history":{"statistic":{"failed":2,"broken":0,"skipped":1,"passed":8,"unknown":0,"total":11},"items":[{"uid":"d965f5dfcf07b9b3","reportUrl":"https://Polishevskyi.github.io/java_framework/8/#testresult/d965f5dfcf07b9b3","status":"passed","time":{"start":1768066140437,"stop":1768066152019,"duration":11582}},{"uid":"cf98cfeb2e7bc233","reportUrl":"https://Polishevskyi.github.io/java_framework/22/#testresult/cf98cfeb2e7bc233","status":"passed","time":{"start":1768065850753,"stop":1768065861937,"duration":11184}},{"uid":"57292f7a8c8b5f63","reportUrl":"https://Polishevskyi.github.io/java_framework/7/#testresult/57292f7a8c8b5f63","status":"passed","time":{"start":1767971586836,"stop":1767971600675,"duration":13839}},{"uid":"a50d8d2f8f46f4a1","reportUrl":"https://Polishevskyi.github.io/java_framework/21/#testresult/a50d8d2f8f46f4a1","status":"passed","time":{"start":1767971451697,"stop":1767971463517,"duration":11820}},{"uid":"16ab3ee397e91318","reportUrl":"https://Polishevskyi.github.io/java_framework/6/#testresult/16ab3ee397e91318","status":"passed","time":{"start":1767970934121,"stop":1767970939923,"duration":5802}},{"uid":"674b46bbcea78e02","reportUrl":"https://Polishevskyi.github.io/java_framework/20/#testresult/674b46bbcea78e02","status":"passed","time":{"start":1767970000991,"stop":1767970014012,"duration":13021}},{"uid":"33c85adea3a44924","reportUrl":"https://Polishevskyi.github.io/java_framework/19/#testresult/33c85adea3a44924","status":"passed","time":{"start":1767969243702,"stop":1767969245937,"duration":2235}},{"uid":"5eb0cd19db3523e2","reportUrl":"https://Polishevskyi.github.io/java_framework/18/#testresult/5eb0cd19db3523e2","status":"passed","time":{"start":1767968595442,"stop":1767968597491,"duration":2049}},{"uid":"bad0e88889488d99","reportUrl":"https://Polishevskyi.github.io/java_framework/17/#testresult/bad0e88889488d99","status":"failed","statusDetails":"Element not found {#user-name}\nExpected: editable\nScreenshot: file:/home/runner/work/java_framework/java_framework/build/reports/tests/1767967990773.7.png\nPage source: file:/home/runner/work/java_framework/java_framework/build/reports/tests/1767967990773.7.html\nTimeout: 4 s.\nCaused by: NoSuchElementException: no such element: Unable to locate element: {\"method\":\"css selector\",\"selector\":\"#user-name\"}","time":{"start":1767967986334,"stop":1767967990908,"duration":4574}},{"uid":"9cc895c934b6a020","reportUrl":"https://Polishevskyi.github.io/java_framework/16/#testresult/9cc895c934b6a020","status":"failed","statusDetails":"Element not found {#user-name}\nExpected: editable\nScreenshot: file:/home/runner/work/java_framework/java_framework/build/reports/tests/1767967694089.7.png\nPage source: file:/home/runner/work/java_framework/java_framework/build/reports/tests/1767967694089.7.html\nTimeout: 4 s.\nCaused by: NoSuchElementException: no such element: Unable to locate element: {\"method\":\"css selector\",\"selector\":\"#user-name\"}","time":{"start":1767967689667,"stop":1767967694223,"duration":4556}}]},"tags":[]},"source":"d4be275837a96dd3.json","parameterValues":[]}