{"uid":"edb11f41c2ad38d3","name":"Verify that user can successfully login and logout","fullName":"web.LoginTest.successfulLoginAndLogoutTest","historyId":"b2ec5610004db4c8b0199ed928168887","time":{"start":1768067138359,"stop":1768067138365,"duration":6},"status":"skipped","statusMessage":"Could not initialize class utils.ProjectConfig","statusTrace":"java.lang.NoClassDefFoundError: Could not initialize class utils.ProjectConfig\n\tat web.BaseWebTest.setUp(BaseWebTest.java:31)\n\tat java.base/jdk.internal.reflect.NativeMethodAccessorImpl.invoke0(Native Method)\n\tat java.base/jdk.internal.reflect.NativeMethodAccessorImpl.invoke(NativeMethodAccessorImpl.java:77)\n\tat java.base/jdk.internal.reflect.DelegatingMethodAccessorImpl.invoke(DelegatingMethodAccessorImpl.java:43)\n\tat java.base/java.lang.reflect.Method.invoke(Method.java:569)\n\tat org.testng.internal.invokers.MethodInvocationHelper.invokeMethod(MethodInvocationHelper.java:141)\n\tat org.testng.internal.invokers.MethodInvocationHelper.invokeMethodConsideringTimeout(MethodInvocationHelper.java:71)\n\tat org.testng.internal.invokers.ConfigInvoker.invokeConfigurationMethod(ConfigInvoker.java:400)\n\tat org.testng.internal.invokers.ConfigInvoker.invokeConfigurations(ConfigInvoker.java:333)\n\tat org.testng.internal.invokers.TestMethodWorker.invokeBeforeClassMethods(TestMethodWorker.java:188)\n\tat org.testng.internal.invokers.TestMethodWorker.run(TestMethodWorker.java:128)\n\tat java.base/java.util.concurrent.Executors$RunnableAdapter.call(Executors.java:539)\n\tat java.base/java.util.concurrent.FutureTask.run(FutureTask.java:264)\n\tat org.testng.internal.thread.graph.TestNGFutureTask.run(TestNGFutureTask.java:22)\n\tat java.base/java.util.concurrent.ThreadPoolExecutor.runWorker(ThreadPoolExecutor.java:1136)\n\tat java.base/java.util.concurrent.ThreadPoolExecutor$Worker.run(ThreadPoolExecutor.java:635)\n\tat java.base/java.lang.Thread.run(Thread.java:840)\nCaused by: java.lang.ExceptionInInitializerError: Exception java.lang.IllegalArgumentException: URI is not absolute [in thread \"TestNG-test-Web Tests-3\"]\n\tat java.base/java.net.URL.fromURI(URL.java:721)\n\tat java.base/java.net.URI.toURL(URI.java:1139)\n\tat org.aeonbits.owner.loaders.XMLLoader.accept(XMLLoader.java:131)\n\tat org.aeonbits.owner.LoadersManager.findLoader(LoadersManager.java:55)\n\tat org.aeonbits.owner.LoadersManager.load(LoadersManager.java:47)\n\tat org.aeonbits.owner.Config$LoadType$1.load(Config.java:134)\n\tat org.aeonbits.owner.PropertiesManager.doLoad(PropertiesManager.java:339)\n\tat org.aeonbits.owner.PropertiesManager.load(PropertiesManager.java:212)\n\tat org.aeonbits.owner.PropertiesManager.load(PropertiesManager.java:202)\n\tat org.aeonbits.owner.PropertiesInvocationHandler.<init>(PropertiesInvocationHandler.java:54)\n\tat org.aeonbits.owner.DefaultFactory.create(DefaultFactory.java:46)\n\tat org.aeonbits.owner.ConfigFactory.create(ConfigFactory.java:73)\n\tat utils.ProjectConfig.<clinit>(ProjectConfig.java:8)\n\t... 17 more\n","flaky":false,"newFailed":false,"newBroken":false,"newPassed":false,"retriesCount":2,"retriesStatusChange":false,"beforeStages":[{"name":"setUpRetry","time":{"start":1768067138099,"stop":1768067138104,"duration":5},"description":"","status":"passed","steps":[],"attachments":[],"parameters":[],"stepsCount":0,"shouldDisplayMessage":false,"attachmentsCount":0,"hasContent":false,"attachmentStep":false},{"name":"setUp","time":{"start":1768067138136,"stop":1768067138199,"duration":63},"description":"","status":"broken","statusMessage":"Could not initialize class utils.ProjectConfig","statusTrace":"java.lang.NoClassDefFoundError: Could not initialize class utils.ProjectConfig\n\tat web.BaseWebTest.setUp(BaseWebTest.java:31)\n\tat java.base/jdk.internal.reflect.NativeMethodAccessorImpl.invoke0(Native Method)\n\tat java.base/jdk.internal.reflect.NativeMethodAccessorImpl.invoke(NativeMethodAccessorImpl.java:77)\n\tat java.base/jdk.internal.reflect.DelegatingMethodAccessorImpl.invoke(DelegatingMethodAccessorImpl.java:43)\n\tat java.base/java.lang.reflect.Method.invoke(Method.java:569)\n\tat org.testng.internal.invokers.MethodInvocationHelper.invokeMethod(MethodInvocationHelper.java:141)\n\tat org.testng.internal.invokers.MethodInvocationHelper.invokeMethodConsideringTimeout(MethodInvocationHelper.java:71)\n\tat org.testng.internal.invokers.ConfigInvoker.invokeConfigurationMethod(ConfigInvoker.java:400)\n\tat org.testng.internal.invokers.ConfigInvoker.invokeConfigurations(ConfigInvoker.java:333)\n\tat org.testng.internal.invokers.TestMethodWorker.invokeBeforeClassMethods(TestMethodWorker.java:188)\n\tat org.testng.internal.invokers.TestMethodWorker.run(TestMethodWorker.java:128)\n\tat java.base/java.util.concurrent.Executors$RunnableAdapter.call(Executors.java:539)\n\tat java.base/java.util.concurrent.FutureTask.run(FutureTask.java:264)\n\tat org.testng.internal.thread.graph.TestNGFutureTask.run(TestNGFutureTask.java:22)\n\tat java.base/java.util.concurrent.ThreadPoolExecutor.runWorker(ThreadPoolExecutor.java:1136)\n\tat java.base/java.util.concurrent.ThreadPoolExecutor$Worker.run(ThreadPoolExecutor.java:635)\n\tat java.base/java.lang.Thread.run(Thread.java:840)\nCaused by: java.lang.ExceptionInInitializerError: Exception java.lang.IllegalArgumentException: URI is not absolute [in thread \"TestNG-test-Web Tests-3\"]\n\tat java.base/java.net.URL.fromURI(URL.java:721)\n\tat java.base/java.net.URI.toURL(URI.java:1139)\n\tat org.aeonbits.owner.loaders.XMLLoader.accept(XMLLoader.java:131)\n\tat org.aeonbits.owner.LoadersManager.findLoader(LoadersManager.java:55)\n\tat org.aeonbits.owner.LoadersManager.load(LoadersManager.java:47)\n\tat org.aeonbits.owner.Config$LoadType$1.load(Config.java:134)\n\tat org.aeonbits.owner.PropertiesManager.doLoad(PropertiesManager.java:339)\n\tat org.aeonbits.owner.PropertiesManager.load(PropertiesManager.java:212)\n\tat org.aeonbits.owner.PropertiesManager.load(PropertiesManager.java:202)\n\tat org.aeonbits.owner.PropertiesInvocationHandler.<init>(PropertiesInvocationHandler.java:54)\n\tat org.aeonbits.owner.DefaultFactory.create(DefaultFactory.java:46)\n\tat org.aeonbits.owner.ConfigFactory.create(ConfigFactory.java:73)\n\tat utils.ProjectConfig.<clinit>(ProjectConfig.java:8)\n\t... 17 more\n","steps":[],"attachments":[],"parameters":[],"stepsCount":0,"shouldDisplayMessage":true,"attachmentsCount":0,"hasContent":true,"attachmentStep":false},{"name":"setupTest","time":{"start":1768067138344,"stop":1768067138345,"duration":1},"description":"","status":"broken","steps":[],"attachments":[],"parameters":[],"stepsCount":0,"shouldDisplayMessage":false,"attachmentsCount":0,"hasContent":false,"attachmentStep":false}],"afterStages":[{"name":"tearDown","time":{"start":1768067138370,"stop":1768067138370,"duration":0},"description":"","status":"broken","steps":[],"attachments":[],"parameters":[],"stepsCount":0,"shouldDisplayMessage":false,"attachmentsCount":0,"hasContent":false,"attachmentStep":false}],"labels":[{"name":"package","value":"web.LoginTest"},{"name":"testClass","value":"web.LoginTest"},{"name":"testMethod","value":"successfulLoginAndLogoutTest"},{"name":"parentSuite","value":"Web Test Suite"},{"name":"suite","value":"Web Tests"},{"name":"subSuite","value":"web.LoginTest"},{"name":"host","value":"runnervmi13qx"},{"name":"thread","value":"2217@runnervmi13qx.TestNG-test-Web Tests-1(20)"},{"name":"framework","value":"testng"},{"name":"language","value":"java"},{"name":"resultFormat","value":"allure2"}],"parameters":[],"links":[],"hidden":false,"retry":false,"extra":{"severity":"normal","retries":[{"uid":"903793b9508995bd","status":"skipped","statusDetails":"Could not initialize class utils.ProjectConfig","time":{"start":1768067131254,"stop":1768067131257,"duration":3}},{"uid":"82078238744e5c66","status":"skipped","statusDetails":"Could not initialize class utils.ProjectConfig","time":{"start":1768067130997,"stop":1768067131002,"duration":5}}],"categories":[],"history":{"statistic":{"failed":2,"broken":0,"skipped":1,"passed":8,"unknown":0,"total":11},"items":[{"uid":"34f9cc461ed3ca81","reportUrl":"https://Polishevskyi.github.io/java_framework/8/#testresult/34f9cc461ed3ca81","status":"passed","time":{"start":1768066140435,"stop":1768066151494,"duration":11059}},{"uid":"9e0184b3b6a30497","reportUrl":"https://Polishevskyi.github.io/java_framework/22/#testresult/9e0184b3b6a30497","status":"passed","time":{"start":1768065850753,"stop":1768065861282,"duration":10529}},{"uid":"46b01018d74291e9","reportUrl":"https://Polishevskyi.github.io/java_framework/7/#testresult/46b01018d74291e9","status":"passed","time":{"start":1767971586834,"stop":1767971600134,"duration":13300}},{"uid":"b33b181da13cd48f","reportUrl":"https://Polishevskyi.github.io/java_framework/21/#testresult/b33b181da13cd48f","status":"passed","time":{"start":1767971451698,"stop":1767971462635,"duration":10937}},{"uid":"f6b0faae2b880606","reportUrl":"https://Polishevskyi.github.io/java_framework/6/#testresult/f6b0faae2b880606","status":"passed","time":{"start":1767970934121,"stop":1767970939492,"duration":5371}},{"uid":"dd6b80cceb04ad3f","reportUrl":"https://Polishevskyi.github.io/java_framework/20/#testresult/dd6b80cceb04ad3f","status":"passed","time":{"start":1767970000990,"stop":1767970013416,"duration":12426}},{"uid":"87cc00efa3bdf754","reportUrl":"https://Polishevskyi.github.io/java_framework/19/#testresult/87cc00efa3bdf754","status":"passed","time":{"start":1767969235006,"stop":1767969243536,"duration":8530}},{"uid":"ac5513ebb775121b","reportUrl":"https://Polishevskyi.github.io/java_framework/18/#testresult/ac5513ebb775121b","status":"passed","time":{"start":1767968586878,"stop":1767968595278,"duration":8400}},{"uid":"1c81c6610797dee8","reportUrl":"https://Polishevskyi.github.io/java_framework/17/#testresult/1c81c6610797dee8","status":"failed","statusDetails":"Element not found {#user-name}\nExpected: editable\nScreenshot: file:/home/runner/work/java_framework/java_framework/build/reports/tests/1767967972565.3.png\nPage source: file:/home/runner/work/java_framework/java_framework/build/reports/tests/1767967972565.3.html\nTimeout: 4 s.\nCaused by: NoSuchElementException: no such element: Unable to locate element: {\"method\":\"css selector\",\"selector\":\"#user-name\"}","time":{"start":1767967968483,"stop":1767967972675,"duration":4192}},{"uid":"b0bcdb8a80eb3124","reportUrl":"https://Polishevskyi.github.io/java_framework/16/#testresult/b0bcdb8a80eb3124","status":"failed","statusDetails":"Element not found {#user-name}\nExpected: editable\nScreenshot: file:/home/runner/work/java_framework/java_framework/build/reports/tests/1767967675966.3.png\nPage source: file:/home/runner/work/java_framework/java_framework/build/reports/tests/1767967675966.3.html\nTimeout: 4 s.\nCaused by: NoSuchElementException: no such element: Unable to locate element: {\"method\":\"css selector\",\"selector\":\"#user-name\"}","time":{"start":1767967671880,"stop":1767967676075,"duration":4195}}]},"tags":[]},"source":"edb11f41c2ad38d3.json","parameterValues":[]}