{"uid":"4114677103d6fc47","name":"Verify that user can successfully login and logout","fullName":"web.LoginTest.successfulLoginAndLogoutTest","historyId":"b2ec5610004db4c8b0199ed928168887","time":{"start":1768067702756,"stop":1768067702762,"duration":6},"status":"skipped","statusMessage":"java.lang.ExceptionInInitializerError","statusTrace":"java.lang.ExceptionInInitializerError\n\tat web.BaseWebTest.setUp(BaseWebTest.java:31)\n\tat java.base/jdk.internal.reflect.NativeMethodAccessorImpl.invoke0(Native Method)\n\tat java.base/jdk.internal.reflect.NativeMethodAccessorImpl.invoke(NativeMethodAccessorImpl.java:77)\n\tat java.base/jdk.internal.reflect.DelegatingMethodAccessorImpl.invoke(DelegatingMethodAccessorImpl.java:43)\n\tat java.base/java.lang.reflect.Method.invoke(Method.java:569)\n\tat org.testng.internal.invokers.MethodInvocationHelper.invokeMethod(MethodInvocationHelper.java:141)\n\tat org.testng.internal.invokers.MethodInvocationHelper.invokeMethodConsideringTimeout(MethodInvocationHelper.java:71)\n\tat org.testng.internal.invokers.ConfigInvoker.invokeConfigurationMethod(ConfigInvoker.java:400)\n\tat org.testng.internal.invokers.ConfigInvoker.invokeConfigurations(ConfigInvoker.java:333)\n\tat org.testng.internal.invokers.TestMethodWorker.invokeBeforeClassMethods(TestMethodWorker.java:188)\n\tat org.testng.internal.invokers.TestMethodWorker.run(TestMethodWorker.java:128)\n\tat java.base/java.util.concurrent.Executors$RunnableAdapter.call(Executors.java:539)\n\tat java.base/java.util.concurrent.FutureTask.run(FutureTask.java:264)\n\tat org.testng.internal.thread.graph.TestNGFutureTask.run(TestNGFutureTask.java:22)\n\tat java.base/java.util.concurrent.ThreadPoolExecutor.runWorker(ThreadPoolExecutor.java:1136)\n\tat java.base/java.util.concurrent.ThreadPoolExecutor$Worker.run(ThreadPoolExecutor.java:635)\n\tat java.base/java.lang.Thread.run(Thread.java:840)\nCaused by: java.lang.IllegalArgumentException: URI is not absolute\n\tat java.base/java.net.URL.fromURI(URL.java:721)\n\tat java.base/java.net.URI.toURL(URI.java:1139)\n\tat org.aeonbits.owner.loaders.XMLLoader.accept(XMLLoader.java:131)\n\tat org.aeonbits.owner.LoadersManager.findLoader(LoadersManager.java:55)\n\tat org.aeonbits.owner.LoadersManager.load(LoadersManager.java:47)\n\tat org.aeonbits.owner.Config$LoadType$1.load(Config.java:134)\n\tat org.aeonbits.owner.PropertiesManager.doLoad(PropertiesManager.java:339)\n\tat org.aeonbits.owner.PropertiesManager.load(PropertiesManager.java:212)\n\tat org.aeonbits.owner.PropertiesManager.load(PropertiesManager.java:202)\n\tat org.aeonbits.owner.PropertiesInvocationHandler.<init>(PropertiesInvocationHandler.java:54)\n\tat org.aeonbits.owner.DefaultFactory.create(DefaultFactory.java:46)\n\tat org.aeonbits.owner.ConfigFactory.create(ConfigFactory.java:73)\n\tat utils.ProjectConfig.<clinit>(ProjectConfig.java:10)\n\t... 17 more\n","flaky":false,"newFailed":false,"newBroken":false,"newPassed":false,"retriesCount":2,"retriesStatusChange":false,"beforeStages":[{"name":"setUpRetry","time":{"start":1768067702485,"stop":1768067702490,"duration":5},"description":"","status":"passed","steps":[],"attachments":[],"parameters":[],"stepsCount":0,"shouldDisplayMessage":false,"attachmentsCount":0,"hasContent":false,"attachmentStep":false},{"name":"setUp","time":{"start":1768067702520,"stop":1768067702593,"duration":73},"description":"","status":"broken","statusMessage":"java.lang.ExceptionInInitializerError","statusTrace":"java.lang.ExceptionInInitializerError\n\tat web.BaseWebTest.setUp(BaseWebTest.java:31)\n\tat java.base/jdk.internal.reflect.NativeMethodAccessorImpl.invoke0(Native Method)\n\tat java.base/jdk.internal.reflect.NativeMethodAccessorImpl.invoke(NativeMethodAccessorImpl.java:77)\n\tat java.base/jdk.internal.reflect.DelegatingMethodAccessorImpl.invoke(DelegatingMethodAccessorImpl.java:43)\n\tat java.base/java.lang.reflect.Method.invoke(Method.java:569)\n\tat org.testng.internal.invokers.MethodInvocationHelper.invokeMethod(MethodInvocationHelper.java:141)\n\tat org.testng.internal.invokers.MethodInvocationHelper.invokeMethodConsideringTimeout(MethodInvocationHelper.java:71)\n\tat org.testng.internal.invokers.ConfigInvoker.invokeConfigurationMethod(ConfigInvoker.java:400)\n\tat org.testng.internal.invokers.ConfigInvoker.invokeConfigurations(ConfigInvoker.java:333)\n\tat org.testng.internal.invokers.TestMethodWorker.invokeBeforeClassMethods(TestMethodWorker.java:188)\n\tat org.testng.internal.invokers.TestMethodWorker.run(TestMethodWorker.java:128)\n\tat java.base/java.util.concurrent.Executors$RunnableAdapter.call(Executors.java:539)\n\tat java.base/java.util.concurrent.FutureTask.run(FutureTask.java:264)\n\tat org.testng.internal.thread.graph.TestNGFutureTask.run(TestNGFutureTask.java:22)\n\tat java.base/java.util.concurrent.ThreadPoolExecutor.runWorker(ThreadPoolExecutor.java:1136)\n\tat java.base/java.util.concurrent.ThreadPoolExecutor$Worker.run(ThreadPoolExecutor.java:635)\n\tat java.base/java.lang.Thread.run(Thread.java:840)\nCaused by: java.lang.IllegalArgumentException: URI is not absolute\n\tat java.base/java.net.URL.fromURI(URL.java:721)\n\tat java.base/java.net.URI.toURL(URI.java:1139)\n\tat org.aeonbits.owner.loaders.XMLLoader.accept(XMLLoader.java:131)\n\tat org.aeonbits.owner.LoadersManager.findLoader(LoadersManager.java:55)\n\tat org.aeonbits.owner.LoadersManager.load(LoadersManager.java:47)\n\tat org.aeonbits.owner.Config$LoadType$1.load(Config.java:134)\n\tat org.aeonbits.owner.PropertiesManager.doLoad(PropertiesManager.java:339)\n\tat org.aeonbits.owner.PropertiesManager.load(PropertiesManager.java:212)\n\tat org.aeonbits.owner.PropertiesManager.load(PropertiesManager.java:202)\n\tat org.aeonbits.owner.PropertiesInvocationHandler.<init>(PropertiesInvocationHandler.java:54)\n\tat org.aeonbits.owner.DefaultFactory.create(DefaultFactory.java:46)\n\tat org.aeonbits.owner.ConfigFactory.create(ConfigFactory.java:73)\n\tat utils.ProjectConfig.<clinit>(ProjectConfig.java:10)\n\t... 17 more\n","steps":[],"attachments":[],"parameters":[],"stepsCount":0,"shouldDisplayMessage":true,"attachmentsCount":0,"hasContent":true,"attachmentStep":false},{"name":"setupTest","time":{"start":1768067702740,"stop":1768067702740,"duration":0},"description":"","status":"broken","steps":[],"attachments":[],"parameters":[],"stepsCount":0,"shouldDisplayMessage":false,"attachmentsCount":0,"hasContent":false,"attachmentStep":false}],"afterStages":[{"name":"tearDown","time":{"start":1768067702765,"stop":1768067702765,"duration":0},"description":"","status":"broken","steps":[],"attachments":[],"parameters":[],"stepsCount":0,"shouldDisplayMessage":false,"attachmentsCount":0,"hasContent":false,"attachmentStep":false}],"labels":[{"name":"package","value":"web.LoginTest"},{"name":"testClass","value":"web.LoginTest"},{"name":"testMethod","value":"successfulLoginAndLogoutTest"},{"name":"parentSuite","value":"Web Test Suite"},{"name":"suite","value":"Web Tests"},{"name":"subSuite","value":"web.LoginTest"},{"name":"host","value":"runnervmi13qx"},{"name":"thread","value":"2236@runnervmi13qx.TestNG-test-Web Tests-1(19)"},{"name":"framework","value":"testng"},{"name":"language","value":"java"},{"name":"resultFormat","value":"allure2"}],"parameters":[],"links":[],"hidden":false,"retry":false,"extra":{"severity":"normal","retries":[{"uid":"8884e738f2adda42","status":"skipped","statusDetails":"java.lang.ExceptionInInitializerError","time":{"start":1768067698332,"stop":1768067698336,"duration":4}},{"uid":"144571452ee586fd","status":"skipped","statusDetails":"Could not initialize class utils.ProjectConfig","time":{"start":1768067698325,"stop":1768067698326,"duration":1}}],"categories":[],"history":{"statistic":{"failed":0,"broken":0,"skipped":2,"passed":0,"unknown":0,"total":2},"items":[{"uid":"ac2866e4c77968fb","reportUrl":"https://Polishevskyi.github.io/java_framework/25/#testresult/ac2866e4c77968fb","status":"skipped","statusDetails":"Could not initialize class utils.ProjectConfig","time":{"start":1768067531768,"stop":1768067531770,"duration":2}}]},"tags":[]},"source":"4114677103d6fc47.json","parameterValues":[]}